<?xml version="1.0" encoding="UTF-8"?>
<coverage generated="1774274268365" clover="3.2.0">
  <project timestamp="1774274268366" name="All files">
    <metrics statements="22" coveredstatements="20" conditionals="10" coveredconditionals="7" methods="5" coveredmethods="4" elements="37" coveredelements="31" complexity="0" loc="22" ncloc="22" packages="1" files="1" classes="1"/>
    <file name="server.js" path="C:\Users\LBS PC\Desktop\dev_ops_todo_app\user-api\server.js">
      <metrics statements="22" coveredstatements="20" conditionals="10" coveredconditionals="7" methods="5" coveredmethods="4"/>
      <line num="1" count="1" type="stmt"/>
      <line num="2" count="1" type="stmt"/>
      <line num="4" count="1" type="stmt"/>
      <line num="6" count="1" type="stmt"/>
      <line num="12" count="1" type="stmt"/>
      <line num="13" count="1" type="stmt"/>
      <line num="17" count="1" type="stmt"/>
      <line num="18" count="3" type="stmt"/>
      <line num="19" count="2" type="cond" truecount="2" falsecount="0"/>
      <line num="20" count="1" type="stmt"/>
      <line num="22" count="1" type="stmt"/>
      <line num="26" count="1" type="stmt"/>
      <line num="27" count="2" type="stmt"/>
      <line num="28" count="2" type="cond" truecount="4" falsecount="0"/>
      <line num="29" count="1" type="stmt"/>
      <line num="31" count="1" type="stmt"/>
      <line num="36" count="1" type="stmt"/>
      <line num="37" count="1" type="stmt"/>
      <line num="41" count="1" type="cond" truecount="1" falsecount="1"/>
      <line num="42" count="0" type="cond" truecount="0" falsecount="2"/>
      <line num="43" count="0" type="stmt"/>
      <line num="45" count="1" type="stmt"/>
    </file>
  </project>
</coverage>
