{"C:\\Users\\LBS PC\\Desktop\\dev_ops_todo_app\\user-api\\server.js": {"path":"C:\\Users\\LBS PC\\Desktop\\dev_ops_todo_app\\user-api\\server.js","statementMap":{"0":{"start":{"line":1,"column":16},"end":{"line":1,"column":34}},"1":{"start":{"line":2,"column":12},"end":{"line":2,"column":21}},"2":{"start":{"line":4,"column":0},"end":{"line":4,"column":24}},"3":{"start":{"line":6,"column":12},"end":{"line":9,"column":1}},"4":{"start":{"line":12,"column":0},"end":{"line":14,"column":3}},"5":{"start":{"line":13,"column":2},"end":{"line":13,"column":18}},"6":{"start":{"line":17,"column":0},"end":{"line":23,"column":3}},"7":{"start":{"line":18,"column":15},"end":{"line":18,"column":64}},"8":{"start":{"line":18,"column":31},"end":{"line":18,"column":63}},"9":{"start":{"line":19,"column":2},"end":{"line":21,"column":3}},"10":{"start":{"line":20,"column":4},"end":{"line":20,"column":61}},"11":{"start":{"line":22,"column":2},"end":{"line":22,"column":17}},"12":{"start":{"line":26,"column":0},"end":{"line":38,"column":3}},"13":{"start":{"line":27,"column":26},"end":{"line":27,"column":34}},"14":{"start":{"line":28,"column":2},"end":{"line":30,"column":3}},"15":{"start":{"line":29,"column":4},"end":{"line":29,"column":70}},"16":{"start":{"line":31,"column":18},"end":{"line":35,"column":3}},"17":{"start":{"line":36,"column":2},"end":{"line":36,"column":22}},"18":{"start":{"line":37,"column":2},"end":{"line":37,"column":32}},"19":{"start":{"line":41,"column":0},"end":{"line":44,"column":1}},"20":{"start":{"line":42,"column":15},"end":{"line":42,"column":39}},"21":{"start":{"line":43,"column":2},"end":{"line":43,"column":72}},"22":{"start":{"line":43,"column":25},"end":{"line":43,"column":70}},"23":{"start":{"line":45,"column":0},"end":{"line":45,"column":21}}},"fnMap":{"0":{"name":"(anonymous_0)","decl":{"start":{"line":12,"column":22},"end":{"line":12,"column":23}},"loc":{"start":{"line":12,"column":36},"end":{"line":14,"column":1}},"line":12},"1":{"name":"(anonymous_1)","decl":{"start":{"line":17,"column":26},"end":{"line":17,"column":27}},"loc":{"start":{"line":17,"column":40},"end":{"line":23,"column":1}},"line":17},"2":{"name":"(anonymous_2)","decl":{"start":{"line":18,"column":26},"end":{"line":18,"column":27}},"loc":{"start":{"line":18,"column":31},"end":{"line":18,"column":63}},"line":18},"3":{"name":"(anonymous_3)","decl":{"start":{"line":26,"column":23},"end":{"line":26,"column":24}},"loc":{"start":{"line":26,"column":37},"end":{"line":38,"column":1}},"line":26},"4":{"name":"(anonymous_4)","decl":{"start":{"line":43,"column":19},"end":{"line":43,"column":20}},"loc":{"start":{"line":43,"column":25},"end":{"line":43,"column":70}},"line":43}},"branchMap":{"0":{"loc":{"start":{"line":19,"column":2},"end":{"line":21,"column":3}},"type":"if","locations":[{"start":{"line":19,"column":2},"end":{"line":21,"column":3}},{"start":{},"end":{}}],"line":19},"1":{"loc":{"start":{"line":28,"column":2},"end":{"line":30,"column":3}},"type":"if","locations":[{"start":{"line":28,"column":2},"end":{"line":30,"column":3}},{"start":{},"end":{}}],"line":28},"2":{"loc":{"start":{"line":28,"column":6},"end":{"line":28,"column":21}},"type":"binary-expr","locations":[{"start":{"line":28,"column":6},"end":{"line":28,"column":11}},{"start":{"line":28,"column":15},"end":{"line":28,"column":21}}],"line":28},"3":{"loc":{"start":{"line":41,"column":0},"end":{"line":44,"column":1}},"type":"if","locations":[{"start":{"line":41,"column":0},"end":{"line":44,"column":1}},{"start":{},"end":{}}],"line":41},"4":{"loc":{"start":{"line":42,"column":15},"end":{"line":42,"column":39}},"type":"binary-expr","locations":[{"start":{"line":42,"column":15},"end":{"line":42,"column":31}},{"start":{"line":42,"column":35},"end":{"line":42,"column":39}}],"line":42}},"s":{"0":1,"1":1,"2":1,"3":1,"4":1,"5":1,"6":1,"7":2,"8":3,"9":2,"10":1,"11":1,"12":1,"13":2,"14":2,"15":1,"16":1,"17":1,"18":1,"19":1,"20":0,"21":0,"22":0,"23":1},"f":{"0":1,"1":2,"2":3,"3":2,"4":0},"b":{"0":[1,1],"1":[1,1],"2":[2,2],"3":[0,1],"4":[0,0]},"_coverageSchema":"1a1c01bbd47fc00a2c39e90264f33305004495a9","hash":"4aa0c871b1ca0f57f12e4c3b310357587b0f64c3"}
}
