TN:
SF:server.js
FN:12,(anonymous_0)
FN:17,(anonymous_1)
FN:18,(anonymous_2)
FN:26,(anonymous_3)
FN:43,(anonymous_4)
FNF:5
FNH:4
FNDA:1,(anonymous_0)
FNDA:2,(anonymous_1)
FNDA:3,(anonymous_2)
FNDA:2,(anonymous_3)
FNDA:0,(anonymous_4)
DA:1,1
DA:2,1
DA:4,1
DA:6,1
DA:12,1
DA:13,1
DA:17,1
DA:18,3
DA:19,2
DA:20,1
DA:22,1
DA:26,1
DA:27,2
DA:28,2
DA:29,1
DA:31,1
DA:36,1
DA:37,1
DA:41,1
DA:42,0
DA:43,0
DA:45,1
LF:22
LH:20
BRDA:19,0,0,1
BRDA:19,0,1,1
BRDA:28,1,0,1
BRDA:28,1,1,1
BRDA:28,2,0,2
BRDA:28,2,1,2
BRDA:41,3,0,0
BRDA:41,3,1,1
BRDA:42,4,0,0
BRDA:42,4,1,0
BRF:10
BRH:7
end_of_record
